2020-02-23 17:48:03,141 CRIT Supervisor running as root (no user in config file)
2020-02-23 17:48:03,143 INFO supervisord started with pid 7
2020-02-23 17:48:04,146 INFO spawned: 'sshd' with pid 11
2020-02-23 17:48:04,188 INFO exited: sshd (exit status 0; not expected)
2020-02-23 17:48:05,193 INFO spawned: 'sshd' with pid 23
2020-02-23 17:48:05,240 INFO exited: sshd (exit status 0; not expected)
2020-02-23 17:48:07,245 INFO spawned: 'sshd' with pid 184
2020-02-23 17:48:07,296 INFO exited: sshd (exit status 0; not expected)
2020-02-23 17:48:10,302 INFO spawned: 'sshd' with pid 409
2020-02-23 17:48:10,351 INFO exited: sshd (exit status 0; not expected)
2020-02-23 17:48:11,353 INFO gave up: sshd entered FATAL state, too many start retries too quickly
2020-02-24 09:29:46,370 CRIT Supervisor running as root (no user in config file)
2020-02-24 09:29:46,373 INFO supervisord started with pid 7
2020-02-24 09:29:47,378 INFO spawned: 'sshd' with pid 11
2020-02-24 09:29:47,434 INFO exited: sshd (exit status 0; not expected)
2020-02-24 09:29:48,439 INFO spawned: 'sshd' with pid 23
2020-02-24 09:29:48,460 INFO exited: sshd (exit status 0; not expected)
2020-02-24 09:29:50,464 INFO spawned: 'sshd' with pid 134
2020-02-24 09:29:50,516 INFO exited: sshd (exit status 0; not expected)
2020-02-24 09:29:53,521 INFO spawned: 'sshd' with pid 386
2020-02-24 09:29:53,535 INFO exited: sshd (exit status 0; not expected)
2020-02-24 09:29:54,535 INFO gave up: sshd entered FATAL state, too many start retries too quickly
